2025-07-22 19:15:33,706 - core.config - INFO - قاعدة البيانات تم تهيئتها بالهيكلية الجديدة.
2025-07-22 19:15:34,206 - apscheduler.scheduler - INFO - Adding job tentatively -- it will be properly scheduled when the scheduler starts
2025-07-22 19:15:34,209 - core.config - INFO - البوت قيد التشغيل بالهيكلية المدمجة الجديدة...
2025-07-22 19:15:35,009 - httpx - INFO - HTTP Request: POST https://api.telegram.org/bot7617751604:AAFAZdi3eCTldFzK-3aLABPreOnobcgeVKk/getMe "HTTP/1.1 200 OK"
2025-07-22 19:15:35,155 - httpx - INFO - HTTP Request: POST https://api.telegram.org/bot7617751604:AAFAZdi3eCTldFzK-3aLABPreOnobcgeVKk/deleteWebhook "HTTP/1.1 200 OK"
2025-07-22 19:15:35,157 - apscheduler.scheduler - INFO - Added job "check_for_new_marks_job" to job store "default"
2025-07-22 19:15:35,158 - apscheduler.scheduler - INFO - Scheduler started
2025-07-22 19:15:35,158 - telegram.ext.Application - INFO - Application started
2025-07-22 19:15:44,201 - apscheduler.executors.default - INFO - Running job "check_for_new_marks_job (trigger: interval[1:00:00], next run at: 2025-07-22 17:15:44 UTC)" (scheduled at 2025-07-22 16:15:44.195671+00:00)
2025-07-22 19:15:44,201 - core.config - INFO - بدء الفحص الدوري للعلامات الجديدة...
2025-07-22 19:15:44,202 - core.config - INFO - لا توجد أرقام مفعلة للإشعارات. تخطي الفحص.
2025-07-22 19:15:44,202 - apscheduler.executors.default - INFO - Job "check_for_new_marks_job (trigger: interval[1:00:00], next run at: 2025-07-22 17:15:44 UTC)" executed successfully
2025-07-22 19:15:45,686 - httpx - INFO - HTTP Request: POST https://api.telegram.org/bot7617751604:AAFAZdi3eCTldFzK-3aLABPreOnobcgeVKk/getUpdates "HTTP/1.1 200 OK"
2025-07-22 19:15:48,281 - httpx - INFO - HTTP Request: POST https://api.telegram.org/bot7617751604:AAFAZdi3eCTldFzK-3aLABPreOnobcgeVKk/getUpdates "HTTP/1.1 200 OK"
2025-07-22 19:15:49,759 - httpx - INFO - HTTP Request: POST https://api.telegram.org/bot7617751604:AAFAZdi3eCTldFzK-3aLABPreOnobcgeVKk/editMessageText "HTTP/1.1 400 Bad Request"
2025-07-22 19:15:49,957 - httpx - INFO - HTTP Request: POST https://api.telegram.org/bot7617751604:AAFAZdi3eCTldFzK-3aLABPreOnobcgeVKk/sendMessage "HTTP/1.1 200 OK"
2025-07-22 19:15:52,202 - httpx - INFO - HTTP Request: POST https://api.telegram.org/bot7617751604:AAFAZdi3eCTldFzK-3aLABPreOnobcgeVKk/getUpdates "HTTP/1.1 200 OK"
2025-07-22 19:15:52,378 - httpx - INFO - HTTP Request: POST https://api.telegram.org/bot7617751604:AAFAZdi3eCTldFzK-3aLABPreOnobcgeVKk/answerCallbackQuery "HTTP/1.1 200 OK"
2025-07-22 19:15:53,511 - httpx - INFO - HTTP Request: POST https://api.telegram.org/bot7617751604:AAFAZdi3eCTldFzK-3aLABPreOnobcgeVKk/editMessageText "HTTP/1.1 200 OK"
2025-07-22 19:15:58,349 - httpx - INFO - HTTP Request: POST https://api.telegram.org/bot7617751604:AAFAZdi3eCTldFzK-3aLABPreOnobcgeVKk/getUpdates "HTTP/1.1 200 OK"
2025-07-22 19:15:58,523 - httpx - INFO - HTTP Request: POST https://api.telegram.org/bot7617751604:AAFAZdi3eCTldFzK-3aLABPreOnobcgeVKk/answerCallbackQuery "HTTP/1.1 200 OK"
2025-07-22 19:15:58,720 - httpx - INFO - HTTP Request: POST https://api.telegram.org/bot7617751604:AAFAZdi3eCTldFzK-3aLABPreOnobcgeVKk/editMessageText "HTTP/1.1 200 OK"
2025-07-22 19:16:06,198 - httpx - INFO - HTTP Request: POST https://api.telegram.org/bot7617751604:AAFAZdi3eCTldFzK-3aLABPreOnobcgeVKk/getUpdates "HTTP/1.1 200 OK"
2025-07-22 19:16:06,833 - httpx - INFO - HTTP Request: POST https://api.telegram.org/bot7617751604:AAFAZdi3eCTldFzK-3aLABPreOnobcgeVKk/sendChatAction "HTTP/1.1 200 OK"
2025-07-22 19:16:07,046 - httpx - INFO - HTTP Request: POST https://api.telegram.org/bot7617751604:AAFAZdi3eCTldFzK-3aLABPreOnobcgeVKk/deleteMessage "HTTP/1.1 200 OK"
2025-07-22 19:16:07,260 - httpx - INFO - HTTP Request: POST https://api.telegram.org/bot7617751604:AAFAZdi3eCTldFzK-3aLABPreOnobcgeVKk/sendMessage "HTTP/1.1 200 OK"
2025-07-22 19:16:08,378 - core.config - INFO - تم حفظ بيانات ونتائج المستخدم 1610866470 بنجاح.
2025-07-22 19:16:08,588 - httpx - INFO - HTTP Request: POST https://api.telegram.org/bot7617751604:AAFAZdi3eCTldFzK-3aLABPreOnobcgeVKk/editMessageText "HTTP/1.1 200 OK"
2025-07-22 19:16:08,848 - httpx - INFO - HTTP Request: POST https://api.telegram.org/bot7617751604:AAFAZdi3eCTldFzK-3aLABPreOnobcgeVKk/editMessageText "HTTP/1.1 200 OK"
2025-07-22 19:16:15,129 - httpx - INFO - HTTP Request: POST https://api.telegram.org/bot7617751604:AAFAZdi3eCTldFzK-3aLABPreOnobcgeVKk/getUpdates "HTTP/1.1 200 OK"
2025-07-22 19:16:15,802 - httpx - INFO - HTTP Request: POST https://api.telegram.org/bot7617751604:AAFAZdi3eCTldFzK-3aLABPreOnobcgeVKk/answerCallbackQuery "HTTP/1.1 200 OK"
2025-07-22 19:16:16,009 - httpx - INFO - HTTP Request: POST https://api.telegram.org/bot7617751604:AAFAZdi3eCTldFzK-3aLABPreOnobcgeVKk/editMessageText "HTTP/1.1 200 OK"
2025-07-22 19:16:18,177 - httpx - INFO - HTTP Request: POST https://api.telegram.org/bot7617751604:AAFAZdi3eCTldFzK-3aLABPreOnobcgeVKk/getUpdates "HTTP/1.1 200 OK"
2025-07-22 19:16:18,349 - httpx - INFO - HTTP Request: POST https://api.telegram.org/bot7617751604:AAFAZdi3eCTldFzK-3aLABPreOnobcgeVKk/answerCallbackQuery "HTTP/1.1 200 OK"
2025-07-22 19:16:18,549 - httpx - INFO - HTTP Request: POST https://api.telegram.org/bot7617751604:AAFAZdi3eCTldFzK-3aLABPreOnobcgeVKk/editMessageText "HTTP/1.1 200 OK"
2025-07-22 19:16:21,163 - httpx - INFO - HTTP Request: POST https://api.telegram.org/bot7617751604:AAFAZdi3eCTldFzK-3aLABPreOnobcgeVKk/getUpdates "HTTP/1.1 200 OK"
2025-07-22 19:16:21,349 - httpx - INFO - HTTP Request: POST https://api.telegram.org/bot7617751604:AAFAZdi3eCTldFzK-3aLABPreOnobcgeVKk/editMessageText "HTTP/1.1 400 Bad Request"
2025-07-22 19:16:21,582 - httpx - INFO - HTTP Request: POST https://api.telegram.org/bot7617751604:AAFAZdi3eCTldFzK-3aLABPreOnobcgeVKk/sendMessage "HTTP/1.1 200 OK"
